<?xml version="1.0" encoding="UTF-8"?>
<testsuite xmlns:xsi="http://www.w3.org/2001/XMLSchema-instance" xsi:noNamespaceSchemaLocation="https://maven.apache.org/surefire/maven-surefire-plugin/xsd/surefire-test-report.xsd" name="TestSuite" time="34.851" tests="2" errors="0" skipped="0" failures="2">
  <properties>
[...]
</properties>
  <testcase name="runScenario" classname="cucumberrunner.TestNGTestRunner" time="18.895">
    <failure message="Login page is not loaded expected [true] but found [false]" type="java.lang.AssertionError">java.lang.AssertionError: Login page is not loaded expected [true] but found [false]
</failure>
    <system-out><![CDATA[
@smoketest
Scenario Outline: Login with valid credentials                 # src/test/java/features/Login.feature:15
  Given I am on the login page of the website                  # stepdefinitions.Loginsteps.i_am_on_the_login_page_of_the_website()
      java.lang.AssertionError: Login page is not loaded expected [true] but found [false]
	at org.testng.Assert.fail(Assert.java:110)
	at org.testng.Assert.failNotEquals(Assert.java:1577)
	at org.testng.Assert.assertTrue(Assert.java:56)
	at pageobjects.Loginpage.ensureLoginpage(Loginpage.java:25)
	at stepdefinitions.Loginsteps.i_am_on_the_login_page_of_the_website(Loginsteps.java:22)
	at ✽.I am on the login page of the website(file:///home/altorum007/Documents/automation-projects/bdd-framework/src/test/java/features/Login.feature:6)


    Embedding image [image/png 17046 bytes]

  When I enter the username bapanuser1                         # stepdefinitions.Loginsteps.i_enter_the_username(java.lang.String)
  And I enter the password Test@123                            # stepdefinitions.Loginsteps.i_enter_the_password(java.lang.String)
  And I click on Login button                                  # stepdefinitions.Loginsteps.i_click_on_login_button()
  Then I should be able to login successfully                  # stepdefinitions.Loginsteps.i_should_be_able_to_login_successfully()
  And I should be navigated to the Homepage of the application # stepdefinitions.Loginsteps.i_should_be_navigated_to_the_homepage_of_the_application()
]]></system-out>
    <system-err><![CDATA[SLF4J: No SLF4J providers were found.
SLF4J: Defaulting to no-operation (NOP) logger implementation
SLF4J: See https://www.slf4j.org/codes.html#noProviders for further details.
ERROR StatusLogger Log4j2 could not find a logging implementation. Please add log4j-core to the classpath. Using SimpleLogger to log to the console...
Starting ChromeDriver 111.0.5563.64 (c710e93d5b63b7095afe8c2c17df34408078439d-refs/branch-heads/5563@{#995}) on port 20324
Only local connections are allowed.
Please see https://chromedriver.chromium.org/security-considerations for suggestions on keeping ChromeDriver safe.
ChromeDriver was started successfully.
]]></system-err>
  </testcase>
  <testcase name="runScenario" classname="cucumberrunner.TestNGTestRunner" time="13.045">
    <failure message="Login page is not loaded expected [true] but found [false]" type="java.lang.AssertionError">java.lang.AssertionError: Login page is not loaded expected [true] but found [false]
</failure>
    <system-out><![CDATA[
@smoketest
Scenario Outline: Login with valid credentials                 # src/test/java/features/Login.feature:16
  Given I am on the login page of the website                  # stepdefinitions.Loginsteps.i_am_on_the_login_page_of_the_website()
      java.lang.AssertionError: Login page is not loaded expected [true] but found [false]
	at org.testng.Assert.fail(Assert.java:110)
	at org.testng.Assert.failNotEquals(Assert.java:1577)
	at org.testng.Assert.assertTrue(Assert.java:56)
	at pageobjects.Loginpage.ensureLoginpage(Loginpage.java:25)
	at stepdefinitions.Loginsteps.i_am_on_the_login_page_of_the_website(Loginsteps.java:22)
	at ✽.I am on the login page of the website(file:///home/altorum007/Documents/automation-projects/bdd-framework/src/test/java/features/Login.feature:6)


    Embedding image [image/png 17046 bytes]

  When I enter the username aditya                             # stepdefinitions.Loginsteps.i_enter_the_username(java.lang.String)
  And I enter the password Test@123                            # stepdefinitions.Loginsteps.i_enter_the_password(java.lang.String)
  And I click on Login button                                  # stepdefinitions.Loginsteps.i_click_on_login_button()
  Then I should be able to login successfully                  # stepdefinitions.Loginsteps.i_should_be_able_to_login_successfully()
  And I should be navigated to the Homepage of the application # stepdefinitions.Loginsteps.i_should_be_navigated_to_the_homepage_of_the_application()
]]></system-out>
    <system-err><![CDATA[Starting ChromeDriver 111.0.5563.64 (c710e93d5b63b7095afe8c2c17df34408078439d-refs/branch-heads/5563@{#995}) on port 7563
Only local connections are allowed.
Please see https://chromedriver.chromium.org/security-considerations for suggestions on keeping ChromeDriver safe.
ChromeDriver was started successfully.
]]></system-err>
  </testcase>
</testsuite>