<?xml version="1.0" encoding="UTF-8"?>
<testng-results ignored="0" total="0" passed="0" failed="0" skipped="0">
  <reporter-output>
  </reporter-output>
  <suite started-at="2023-05-29T16:01:25 IST" name="Default suite" finished-at="2023-05-29T16:01:26 IST" duration-ms="1049">
    <groups>
      <group name="cucumber">
        <method signature="AbstractTestNGCucumberTests.runScenario(io.cucumber.testng.PickleWrapper,io.cucumber.testng.FeatureWrapper)[pri:0, instance:cucumberrunner.TestNGTestRunner@31190526]" name="runScenario" class="io.cucumber.testng.AbstractTestNGCucumberTests"/>
      </group> <!-- cucumber -->
    </groups>
    <test started-at="2023-05-29T16:01:25 IST" name="Default test" finished-at="2023-05-29T16:01:26 IST" duration-ms="1049">
      <class name="cucumberrunner.TestNGTestRunner">
        <test-method is-config="true" signature="setUpClass(org.testng.ITestContext)[pri:0, instance:cucumberrunner.TestNGTestRunner@31190526]" started-at="2023-05-29T16:01:25 IST" name="setUpClass" finished-at="2023-05-29T16:01:26 IST" duration-ms="850" status="PASS">
          <params>
            <param index="0">
              <value>
                <![CDATA[org.testng.TestRunner@50687efb]]>
              </value>
            </param>
          </params>
          <reporter-output>
          </reporter-output>
        </test-method> <!-- setUpClass -->
        <test-method is-config="true" signature="tearDownClass()[pri:0, instance:cucumberrunner.TestNGTestRunner@31190526]" started-at="2023-05-29T16:01:26 IST" name="tearDownClass" finished-at="2023-05-29T16:01:26 IST" duration-ms="132" status="PASS">
          <reporter-output>
          </reporter-output>
        </test-method> <!-- tearDownClass -->
      </class> <!-- cucumberrunner.TestNGTestRunner -->
    </test> <!-- Default test -->
  </suite> <!-- Default suite -->
</testng-results>
