<?xml version="1.0" encoding="UTF-8"?>
<!-- Generated by org.testng.reporters.JUnitXMLReporter -->
<testsuite ignored="0" hostname="altorum007-Karthik-Hebbar" failures="2" tests="2" name="Surefire test" time="34.104" errors="0" timestamp="2023-05-30T11:44:45 IST">
  <testcase classname="io.cucumber.testng.AbstractTestNGCucumberTests" name="runScenario" time="18.883">
    <failure type="java.lang.AssertionError" message="Login page is not loaded expected [true] but found [false]">
      <![CDATA[java.lang.AssertionError: Login page is not loaded expected [true] but found [false]
at pageobjects.Loginpage.ensureLoginpage(Loginpage.java:25)
at stepdefinitions.Loginsteps.i_am_on_the_login_page_of_the_website(Loginsteps.java:22)
at ✽.I am on the login page of the website(file:///home/altorum007/Documents/automation-projects/bdd-framework/src/test/java/features/Login.feature:6)
... Removed 3 stack frames]]>
    </failure>
  </testcase> <!-- runScenario -->
  <testcase classname="io.cucumber.testng.AbstractTestNGCucumberTests" name="runScenario" time="13.049">
    <failure type="java.lang.AssertionError" message="Login page is not loaded expected [true] but found [false]">
      <![CDATA[java.lang.AssertionError: Login page is not loaded expected [true] but found [false]
at pageobjects.Loginpage.ensureLoginpage(Loginpage.java:25)
at stepdefinitions.Loginsteps.i_am_on_the_login_page_of_the_website(Loginsteps.java:22)
at ✽.I am on the login page of the website(file:///home/altorum007/Documents/automation-projects/bdd-framework/src/test/java/features/Login.feature:6)
... Removed 3 stack frames]]>
    </failure>
  </testcase> <!-- runScenario -->
</testsuite> <!-- Surefire test -->
